P-CAD Net List Load Errors

======================================================================

Netlist filename: D:\Programs\PCAD\Lib\Git\p-cad-3\netlist_sheme.net
Error: line 708
   * Component CE3528-B not loaded.  Component is not in library.
Error: line 713
   * Component CC0603 not loaded.  Component is not in library.
Error: line 718
   * Component CE3528-B not loaded.  Component is not in library.
Error: line 723
   * Component CC0603 not loaded.  Component is not in library.
Error: line 728
   * Component CC0603 not loaded.  Component is not in library.
Error: line 733
   * Component 2N4401 not loaded.  Component is not in library.
Error: line 738
   * Component 2N4401 not loaded.  Component is not in library.
Error: line 743
   * Component 2N4401 not loaded.  Component is not in library.
Error: line 749
   * Component B57861S0103F040 not loaded.  Component is not in library.
Error: line 755
   * Component C2-33H-0.25W_OLD_UGO not loaded.  Component is not in library.
Error: line 761
   * Component C2-33H-0.25W_OLD_UGO not loaded.  Component is not in library.
Error: line 767
   * Component C2-33H-0.25W_OLD_UGO not loaded.  Component is not in library.
Error: line 773
   * Component C2-33H-0.25W_OLD_UGO not loaded.  Component is not in library.
Error: line 779
   * Component C2-33H-0.25W_OLD_UGO not loaded.  Component is not in library.
Error: line 784
   * Component 3528 not loaded.  Component is not in library.
Error: line 789
   * Component ZUM1 not loaded.  Component is not in library.
Error: line 794
   * Component 3006W not loaded.  Component is not in library.
Error: line 799
   * Component KP1436AP1 not loaded.  Component is not in library.
Error: Net NET00000: Refdes RP1 of RP1-3 not found.
Error: Net NET00000: Refdes R2 of R2-1 not found.
Error: Net GND: Refdes BZ1 of BZ1-2 not found.
Error: Net GND: Refdes C1 of C1-2 not found.
Error: Net GND: Refdes RP1 of RP1-1 not found.
Error: Net GND: Refdes C3 of C3-2 not found.
Error: Net GND: Refdes R7 of R7-2 not found.
Error: Net GND: Refdes C2 of C2-1 not found.
Error: Net GND: Refdes VT2 of VT2-1 not found.
Error: Net GND: Refdes C5 of C5-1 not found.
Error: Net GND: Refdes 1 of 1-5 not found.
Error: Net NET00001: Refdes C4 of C4-1 not found.
Error: Net NET00001: Refdes 1 of 1-8 not found.
Error: Net NET00004: Refdes RP1 of RP1-2 not found.
Error: Net NET00004: Refdes VT1 of VT1-2 not found.
Error: Net NET00005: Refdes VT2 of VT2-2 not found.
Error: Net NET00005: Refdes VT1 of VT1-1 not found.
Error: Net NET00006: Refdes R3 of R3-2 not found.
Error: Net NET00006: Refdes VT2 of VT2-3 not found.
Error: Net NET00006: Refdes VT1 of VT1-3 not found.
Error: Net NET00006: Refdes 1 of 1-2 not found.

----------------------------------------------------------------------

16-Nov-22  17:02                                            Page    1

P-CAD Net List Load Errors

======================================================================

Error: Net NET00007: Refdes HL1 of HL1-K not found.
Error: Net NET00007: Refdes VT3 of VT3-3 not found.
Error: Net NET00008: Refdes R7 of R7-1 not found.
Error: Net NET00008: Refdes VT3 of VT3-1 not found.
Error: Net NET00009: Refdes BZ1 of BZ1-1 not found.
Error: Net NET00009: Refdes C4 of C4-2 not found.
Error: Net NET00012: Refdes R5 of R5-2 not found.
Error: Net NET00012: Refdes VT3 of VT3-2 not found.
Error: Net NET00011: Refdes C5 of C5-2 not found.
Error: Net NET00011: Refdes R6 of R6-2 not found.
Error: Net NET00011: Refdes 1 of 1-7 not found.
Error: Net NET00013: Refdes R5 of R5-1 not found.
Error: Net NET00013: Refdes C3 of C3-1 not found.
Error: Net NET00013: Refdes R4 of R4-1 not found.
Error: Net NET00013: Refdes 1 of 1-3 not found.
Error: Net +12B: Refdes C1 of C1-1 not found.
Error: Net +12B: Refdes HL1 of HL1-A not found.
Error: Net +12B: Refdes R2 of R2-2 not found.
Error: Net +12B: Refdes R3 of R3-1 not found.
Error: Net +12B: Refdes C2 of C2-2 not found.
Error: Net +12B: Refdes 1 of 1-1 not found.
Error: Net NET00003: Refdes R4 of R4-2 not found.
Error: Net NET00003: Refdes 1 of 1-4 not found.
Error: Net NET00010: Refdes R6 of R6-1 not found.
Error: Net NET00010: Refdes 1 of 1-6 not found.

Net List Errors:   64
Net List Warnings: 0





























----------------------------------------------------------------------

16-Nov-22  17:02                                            Page    2

