P-CAD Net List Load Errors

======================================================================

Netlist filename: D:\Programs\PCAD\Lib\Git\p-cad-3\netlist_sheme.net
Error: line 784
   * Component 3528 not loaded.  Component is not in library.
Error: line 799
   * Component KP1436AP1 not loaded.  Component is not in library.
Error: Net GND: Refdes 1 of 1-5 not found.
Error: Net NET00001: Refdes 1 of 1-8 not found.
Error: Net NET00006: Refdes 1 of 1-2 not found.
Error: Net NET00007: Refdes HL1 of HL1-K not found.
Error: Net NET00011: Refdes 1 of 1-7 not found.
Error: Net NET00013: Refdes 1 of 1-3 not found.
Error: Net +12B: Refdes HL1 of HL1-A not found.
Error: Net +12B: Refdes 1 of 1-1 not found.
Error: Net NET00003: Refdes 1 of 1-4 not found.
Error: Net NET00010: Refdes 1 of 1-6 not found.

Net List Errors:   12
Net List Warnings: 0








































----------------------------------------------------------------------

22-Nov-22  11:00                                            Page    1

